<?xml version="1.0" encoding="UTF-8"?>
<!-- Generated by org.testng.reporters.JUnitReportReporter -->
<testsuite hostname="DESKTOP-7FER0C7" name="Runners.TestRunners" tests="1" failures="0" timestamp="8 Dec 2020 10:22:24 GMT" time="25.511" errors="0">
  <testcase name="feature" time="25.511" classname="Runners.TestRunners"/>
</testsuite> <!-- Runners.TestRunners -->
